<?xml version="1.0" encoding="utf-8" standalone="no"?>
<!--This file represents the results of running a test suite-->
<test-results name="D:\FifthArcticMonkey\Development\MessageParser\build\classes\TopCoder.MSMQ.MessageProcessingWorkflow.Test.dll" total="131" failures="0" not-run="0" date="2007-06-15" time="12:45:02">
  <environment nunit-version="2.2.8.0" clr-version="2.0.50727.42" os-version="Microsoft Windows NT 5.1.2600 Service Pack 2" platform="Win32NT" cwd="D:\FifthArcticMonkey\Development\MessageParser" machine-name="ASEEM" user="Administrator" user-domain="ASEEM" />
  <culture-info current-culture="en-US" current-uiculture="en-US" />
  <test-suite name="D:\FifthArcticMonkey\Development\MessageParser\build\classes\TopCoder.MSMQ.MessageProcessingWorkflow.Test.dll" success="True" time="4.031" asserts="0">
    <results>
      <test-suite name="TopCoder" success="True" time="4.031" asserts="0">
        <results>
          <test-suite name="TopCoder.MSMQ" success="True" time="4.016" asserts="0">
            <results>
              <test-suite name="TopCoder.MSMQ.MessageProcessingWorkflow" success="True" time="4.016" asserts="0">
                <results>
                  <test-suite name="TopCoder.MSMQ.MessageProcessingWorkflow.MessageParserManagerAccuracyTest" success="True" time="1.219" asserts="0">
                    <results>
                      <test-case name="TopCoder.MSMQ.MessageProcessingWorkflow.MessageParserManagerAccuracyTest.TestClass" executed="True" success="True" time="0.922" asserts="1" />
                      <test-case name="TopCoder.MSMQ.MessageProcessingWorkflow.MessageParserManagerAccuracyTest.TestGetParser1" executed="True" success="True" time="0.250" asserts="1" />
                      <test-case name="TopCoder.MSMQ.MessageProcessingWorkflow.MessageParserManagerAccuracyTest.TestGetParser2" executed="True" success="True" time="0.016" asserts="1" />
                      <test-case name="TopCoder.MSMQ.MessageProcessingWorkflow.MessageParserManagerAccuracyTest.TestRefreshConfiguration" executed="True" success="True" time="0.000" asserts="0" />
                    </results>
                  </test-suite>
                  <test-suite name="TopCoder.MSMQ.MessageProcessingWorkflow.Parsers" success="True" time="1.141" asserts="0">
                    <results>
                      <test-suite name="TopCoder.MSMQ.MessageProcessingWorkflow.Parsers.XmlMessageParserAccuracyTest" success="True" time="0.469" asserts="0">
                        <results>
                          <test-case name="TopCoder.MSMQ.MessageProcessingWorkflow.Parsers.XmlMessageParserAccuracyTest.TestConstructorAccuracy" executed="True" success="True" time="0.016" asserts="1" />
                          <test-case name="TopCoder.MSMQ.MessageProcessingWorkflow.Parsers.XmlMessageParserAccuracyTest.TestConstructorAccuracy2" executed="True" success="True" time="0.031" asserts="1" />
                          <test-case name="TopCoder.MSMQ.MessageProcessingWorkflow.Parsers.XmlMessageParserAccuracyTest.TestParseMessage" executed="True" success="True" time="0.375" asserts="7" />
                          <test-case name="TopCoder.MSMQ.MessageProcessingWorkflow.Parsers.XmlMessageParserAccuracyTest.TestCloneAccuracy" executed="True" success="True" time="0.000" asserts="1" />
                        </results>
                      </test-suite>
                      <test-suite name="TopCoder.MSMQ.MessageProcessingWorkflow.Parsers.XmlMessageParserTests" success="True" time="0.563" asserts="0">
                        <results>
                          <test-case name="TopCoder.MSMQ.MessageProcessingWorkflow.Parsers.XmlMessageParserTests.TestConstructor1" executed="True" success="True" time="0.016" asserts="2" />
                          <test-case name="TopCoder.MSMQ.MessageProcessingWorkflow.Parsers.XmlMessageParserTests.TestConstructor1_Fail1" executed="True" success="True" time="0.016" asserts="0" />
                          <test-case name="TopCoder.MSMQ.MessageProcessingWorkflow.Parsers.XmlMessageParserTests.TestConstructor2" executed="True" success="True" time="0.016" asserts="1" />
                          <test-case name="TopCoder.MSMQ.MessageProcessingWorkflow.Parsers.XmlMessageParserTests.TestConstructor2_Fail1" executed="True" success="True" time="0.000" asserts="0" />
                          <test-case name="TopCoder.MSMQ.MessageProcessingWorkflow.Parsers.XmlMessageParserTests.TestConstructor2_Fail2" executed="True" success="True" time="0.000" asserts="0" />
                          <test-case name="TopCoder.MSMQ.MessageProcessingWorkflow.Parsers.XmlMessageParserTests.TestParseMessage" executed="True" success="True" time="0.016" asserts="7" />
                          <test-case name="TopCoder.MSMQ.MessageProcessingWorkflow.Parsers.XmlMessageParserTests.TestParseMessage2" executed="True" success="True" time="0.031" asserts="1" />
                          <test-case name="TopCoder.MSMQ.MessageProcessingWorkflow.Parsers.XmlMessageParserTests.TestParseMessageFail1" executed="True" success="True" time="0.000" asserts="0" />
                          <test-case name="TopCoder.MSMQ.MessageProcessingWorkflow.Parsers.XmlMessageParserTests.TestParseMessageFail2" executed="True" success="True" time="0.016" asserts="0" />
                          <test-case name="TopCoder.MSMQ.MessageProcessingWorkflow.Parsers.XmlMessageParserTests.TestParseMessageFail3" executed="True" success="True" time="0.047" asserts="0" />
                          <test-case name="TopCoder.MSMQ.MessageProcessingWorkflow.Parsers.XmlMessageParserTests.TestParseMessageFail4" executed="True" success="True" time="0.031" asserts="0" />
                          <test-case name="TopCoder.MSMQ.MessageProcessingWorkflow.Parsers.XmlMessageParserTests.TestParseMessageFail5" executed="True" success="True" time="0.016" asserts="0" />
                          <test-case name="TopCoder.MSMQ.MessageProcessingWorkflow.Parsers.XmlMessageParserTests.TestParseMessageFail6" executed="True" success="True" time="0.031" asserts="0" />
                          <test-case name="TopCoder.MSMQ.MessageProcessingWorkflow.Parsers.XmlMessageParserTests.TestParseMessageFail7" executed="True" success="True" time="0.031" asserts="0" />
                          <test-case name="TopCoder.MSMQ.MessageProcessingWorkflow.Parsers.XmlMessageParserTests.TestParseMessageFail8" executed="True" success="True" time="0.016" asserts="0" />
                          <test-case name="TopCoder.MSMQ.MessageProcessingWorkflow.Parsers.XmlMessageParserTests.TestParseMessageFail9" executed="True" success="True" time="0.016" asserts="0" />
                          <test-case name="TopCoder.MSMQ.MessageProcessingWorkflow.Parsers.XmlMessageParserTests.TestParseMessageFail10" executed="True" success="True" time="0.016" asserts="0" />
                          <test-case name="TopCoder.MSMQ.MessageProcessingWorkflow.Parsers.XmlMessageParserTests.TestParseMessageFail11" executed="True" success="True" time="0.047" asserts="0" />
                          <test-case name="TopCoder.MSMQ.MessageProcessingWorkflow.Parsers.XmlMessageParserTests.TestParseMessageFail12" executed="True" success="True" time="0.016" asserts="0" />
                          <test-case name="TopCoder.MSMQ.MessageProcessingWorkflow.Parsers.XmlMessageParserTests.TestParseMessageFail13" executed="True" success="True" time="0.016" asserts="0" />
                          <test-case name="TopCoder.MSMQ.MessageProcessingWorkflow.Parsers.XmlMessageParserTests.TestParseMessageFail14" executed="True" success="True" time="0.031" asserts="0" />
                          <test-case name="TopCoder.MSMQ.MessageProcessingWorkflow.Parsers.XmlMessageParserTests.TestParseMessageFail15" executed="True" success="True" time="0.016" asserts="0" />
                          <test-case name="TopCoder.MSMQ.MessageProcessingWorkflow.Parsers.XmlMessageParserTests.TestClone" executed="True" success="True" time="0.016" asserts="2" />
                        </results>
                      </test-suite>
                      <test-suite name="TopCoder.MSMQ.MessageProcessingWorkflow.Parsers.HelperTests" success="True" time="0.078" asserts="0">
                        <results>
                          <test-case name="TopCoder.MSMQ.MessageProcessingWorkflow.Parsers.HelperTests.TestValidateNotEmptyFail" executed="True" success="True" time="0.000" asserts="0" />
                          <test-case name="TopCoder.MSMQ.MessageProcessingWorkflow.Parsers.HelperTests.TestValidateNotEmpty" executed="True" success="True" time="0.000" asserts="0" />
                          <test-case name="TopCoder.MSMQ.MessageProcessingWorkflow.Parsers.HelperTests.TestValidateNotNullFail" executed="True" success="True" time="0.000" asserts="0" />
                          <test-case name="TopCoder.MSMQ.MessageProcessingWorkflow.Parsers.HelperTests.TestValidateNotNull" executed="True" success="True" time="0.000" asserts="0" />
                          <test-case name="TopCoder.MSMQ.MessageProcessingWorkflow.Parsers.HelperTests.TestValidateNotNullNotEmpty" executed="True" success="True" time="0.000" asserts="0" />
                          <test-case name="TopCoder.MSMQ.MessageProcessingWorkflow.Parsers.HelperTests.TestValidateNotNullNotEmptyFail1" executed="True" success="True" time="0.016" asserts="0" />
                          <test-case name="TopCoder.MSMQ.MessageProcessingWorkflow.Parsers.HelperTests.TestValidateNotNullNotEmptyFail2" executed="True" success="True" time="0.000" asserts="0" />
                          <test-case name="TopCoder.MSMQ.MessageProcessingWorkflow.Parsers.HelperTests.TestValidateCollectionFail1" executed="True" success="True" time="0.047" asserts="0" />
                          <test-case name="TopCoder.MSMQ.MessageProcessingWorkflow.Parsers.HelperTests.TestValidateCollectionFail2" executed="True" success="True" time="0.000" asserts="0" />
                          <test-case name="TopCoder.MSMQ.MessageProcessingWorkflow.Parsers.HelperTests.TestValidateCollectionFail3" executed="True" success="True" time="0.016" asserts="0" />
                          <test-case name="TopCoder.MSMQ.MessageProcessingWorkflow.Parsers.HelperTests.TestValidateCollectionFail4" executed="True" success="True" time="0.000" asserts="0" />
                          <test-case name="TopCoder.MSMQ.MessageProcessingWorkflow.Parsers.HelperTests.TestValidateCollectionFail5" executed="True" success="True" time="0.000" asserts="0" />
                        </results>
                      </test-suite>
                    </results>
                  </test-suite>
                  <test-suite name="TopCoder.MSMQ.MessageProcessingWorkflow.XmlMessageTypeDetectorAccuracyTest" success="True" time="0.172" asserts="0">
                    <results>
                      <test-case name="TopCoder.MSMQ.MessageProcessingWorkflow.XmlMessageTypeDetectorAccuracyTest.TestConstructor1" executed="True" success="True" time="0.047" asserts="1" />
                      <test-case name="TopCoder.MSMQ.MessageProcessingWorkflow.XmlMessageTypeDetectorAccuracyTest.TestConstructor2" executed="True" success="True" time="0.031" asserts="0" />
                      <test-case name="TopCoder.MSMQ.MessageProcessingWorkflow.XmlMessageTypeDetectorAccuracyTest.TestConstructor3" executed="True" success="True" time="0.016" asserts="0" />
                      <test-case name="TopCoder.MSMQ.MessageProcessingWorkflow.XmlMessageTypeDetectorAccuracyTest.TestGetMessageType" executed="True" success="True" time="0.000" asserts="1" />
                      <test-case name="TopCoder.MSMQ.MessageProcessingWorkflow.XmlMessageTypeDetectorAccuracyTest.TestGetMessageTypeParseRecipe" executed="True" success="True" time="0.016" asserts="2" />
                      <test-case name="TopCoder.MSMQ.MessageProcessingWorkflow.XmlMessageTypeDetectorAccuracyTest.TestGetValidator" executed="True" success="True" time="0.016" asserts="1" />
                      <test-case name="TopCoder.MSMQ.MessageProcessingWorkflow.XmlMessageTypeDetectorAccuracyTest.TestCanHandleMessage" executed="True" success="True" time="0.016" asserts="2" />
                    </results>
                  </test-suite>
                  <test-suite name="TopCoder.MSMQ.MessageProcessingWorkflow.ConfigurationExceptionTests" success="True" time="0.016" asserts="0">
                    <results>
                      <test-case name="TopCoder.MSMQ.MessageProcessingWorkflow.ConfigurationExceptionTests.TestConstructor1" executed="True" success="True" time="0.000" asserts="1" />
                      <test-case name="TopCoder.MSMQ.MessageProcessingWorkflow.ConfigurationExceptionTests.TestConstructor2" executed="True" success="True" time="0.000" asserts="2" />
                      <test-case name="TopCoder.MSMQ.MessageProcessingWorkflow.ConfigurationExceptionTests.TestConstructor3" executed="True" success="True" time="0.000" asserts="4" />
                      <test-case name="TopCoder.MSMQ.MessageProcessingWorkflow.ConfigurationExceptionTests.ConstructorSerializationTest" executed="True" success="True" time="0.016" asserts="1" />
                    </results>
                  </test-suite>
                  <test-suite name="TopCoder.MSMQ.MessageProcessingWorkflow.MessageParserManagerTests" success="True" time="0.172" asserts="0">
                    <results>
                      <test-case name="TopCoder.MSMQ.MessageProcessingWorkflow.MessageParserManagerTests.TestClass" executed="True" success="True" time="0.016" asserts="1" />
                      <test-case name="TopCoder.MSMQ.MessageProcessingWorkflow.MessageParserManagerTests.TestGetParser1" executed="True" success="True" time="0.000" asserts="1" />
                      <test-case name="TopCoder.MSMQ.MessageProcessingWorkflow.MessageParserManagerTests.TestGetParser2" executed="True" success="True" time="0.047" asserts="1" />
                      <test-case name="TopCoder.MSMQ.MessageProcessingWorkflow.MessageParserManagerTests.TestGetParserFail1" executed="True" success="True" time="0.016" asserts="0" />
                      <test-case name="TopCoder.MSMQ.MessageProcessingWorkflow.MessageParserManagerTests.TestGetParserFail2" executed="True" success="True" time="0.000" asserts="0" />
                      <test-case name="TopCoder.MSMQ.MessageProcessingWorkflow.MessageParserManagerTests.TestGetParserFail3" executed="True" success="True" time="0.016" asserts="0" />
                      <test-case name="TopCoder.MSMQ.MessageProcessingWorkflow.MessageParserManagerTests.TestRefreshConfiguration" executed="True" success="True" time="0.031" asserts="1" />
                      <test-case name="TopCoder.MSMQ.MessageProcessingWorkflow.MessageParserManagerTests.TestRefreshConfigurationFail1" executed="True" success="True" time="0.016" asserts="0" />
                      <test-case name="TopCoder.MSMQ.MessageProcessingWorkflow.MessageParserManagerTests.TestRefreshConfigurationFail2" executed="True" success="True" time="0.016" asserts="0" />
                    </results>
                  </test-suite>
                  <test-suite name="TopCoder.MSMQ.MessageProcessingWorkflow.MessageParsingExceptionTests" success="True" time="0.000" asserts="0">
                    <results>
                      <test-case name="TopCoder.MSMQ.MessageProcessingWorkflow.MessageParsingExceptionTests.TestConstructor1" executed="True" success="True" time="0.000" asserts="1" />
                      <test-case name="TopCoder.MSMQ.MessageProcessingWorkflow.MessageParsingExceptionTests.TestConstructor2" executed="True" success="True" time="0.000" asserts="2" />
                      <test-case name="TopCoder.MSMQ.MessageProcessingWorkflow.MessageParsingExceptionTests.TestConstructor3" executed="True" success="True" time="0.000" asserts="4" />
                      <test-case name="TopCoder.MSMQ.MessageProcessingWorkflow.MessageParsingExceptionTests.ConstructorSerializationTest" executed="True" success="True" time="0.000" asserts="1" />
                    </results>
                  </test-suite>
                  <test-suite name="TopCoder.MSMQ.MessageProcessingWorkflow.MessageValidationExceptionTests" success="True" time="0.016" asserts="0">
                    <results>
                      <test-case name="TopCoder.MSMQ.MessageProcessingWorkflow.MessageValidationExceptionTests.TestConstructor1" executed="True" success="True" time="0.000" asserts="1" />
                      <test-case name="TopCoder.MSMQ.MessageProcessingWorkflow.MessageValidationExceptionTests.TestConstructor2" executed="True" success="True" time="0.000" asserts="2" />
                      <test-case name="TopCoder.MSMQ.MessageProcessingWorkflow.MessageValidationExceptionTests.TestConstructor3" executed="True" success="True" time="0.000" asserts="4" />
                      <test-case name="TopCoder.MSMQ.MessageProcessingWorkflow.MessageValidationExceptionTests.ConstructorSerializationTest" executed="True" success="True" time="0.016" asserts="1" />
                    </results>
                  </test-suite>
                  <test-suite name="TopCoder.MSMQ.MessageProcessingWorkflow.UnknownMessageFormatExceptionTests" success="True" time="0.000" asserts="0">
                    <results>
                      <test-case name="TopCoder.MSMQ.MessageProcessingWorkflow.UnknownMessageFormatExceptionTests.TestConstructor1" executed="True" success="True" time="0.000" asserts="1" />
                      <test-case name="TopCoder.MSMQ.MessageProcessingWorkflow.UnknownMessageFormatExceptionTests.TestConstructor2" executed="True" success="True" time="0.000" asserts="2" />
                      <test-case name="TopCoder.MSMQ.MessageProcessingWorkflow.UnknownMessageFormatExceptionTests.TestConstructor3" executed="True" success="True" time="0.000" asserts="4" />
                      <test-case name="TopCoder.MSMQ.MessageProcessingWorkflow.UnknownMessageFormatExceptionTests.ConstructorSerializationTest" executed="True" success="True" time="0.000" asserts="1" />
                    </results>
                  </test-suite>
                  <test-suite name="TopCoder.MSMQ.MessageProcessingWorkflow.UnknownMessageTypeExceptionTests" success="True" time="0.094" asserts="0">
                    <results>
                      <test-case name="TopCoder.MSMQ.MessageProcessingWorkflow.UnknownMessageTypeExceptionTests.TestConstructor1" executed="True" success="True" time="0.047" asserts="1" />
                      <test-case name="TopCoder.MSMQ.MessageProcessingWorkflow.UnknownMessageTypeExceptionTests.TestConstructor2" executed="True" success="True" time="0.000" asserts="2" />
                      <test-case name="TopCoder.MSMQ.MessageProcessingWorkflow.UnknownMessageTypeExceptionTests.TestConstructor3" executed="True" success="True" time="0.000" asserts="4" />
                      <test-case name="TopCoder.MSMQ.MessageProcessingWorkflow.UnknownMessageTypeExceptionTests.ConstructorSerializationTest" executed="True" success="True" time="0.000" asserts="1" />
                    </results>
                  </test-suite>
                  <test-suite name="TopCoder.MSMQ.MessageProcessingWorkflow.Detectors" success="True" time="1.078" asserts="0">
                    <results>
                      <test-suite name="TopCoder.MSMQ.MessageProcessingWorkflow.Detectors.XmlMessageTypeDetectorTests" success="True" time="1.078" asserts="0">
                        <results>
                          <test-case name="TopCoder.MSMQ.MessageProcessingWorkflow.Detectors.XmlMessageTypeDetectorTests.TestConstructor1" executed="True" success="True" time="0.016" asserts="1" />
                          <test-case name="TopCoder.MSMQ.MessageProcessingWorkflow.Detectors.XmlMessageTypeDetectorTests.TestConstructor1_Validator" executed="True" success="True" time="0.016" asserts="1" />
                          <test-case name="TopCoder.MSMQ.MessageProcessingWorkflow.Detectors.XmlMessageTypeDetectorTests.TestConstructor1_Fail1" executed="True" success="True" time="0.016" asserts="0" />
                          <test-case name="TopCoder.MSMQ.MessageProcessingWorkflow.Detectors.XmlMessageTypeDetectorTests.TestConstructor1_Fail2" executed="True" success="True" time="0.016" asserts="0" />
                          <test-case name="TopCoder.MSMQ.MessageProcessingWorkflow.Detectors.XmlMessageTypeDetectorTests.TestConstructor1_Fail3" executed="True" success="True" time="0.016" asserts="0" />
                          <test-case name="TopCoder.MSMQ.MessageProcessingWorkflow.Detectors.XmlMessageTypeDetectorTests.TestConstructor1_Fail4" executed="True" success="True" time="0.016" asserts="0" />
                          <test-case name="TopCoder.MSMQ.MessageProcessingWorkflow.Detectors.XmlMessageTypeDetectorTests.TestConstructor1_Fail5" executed="True" success="True" time="0.016" asserts="0" />
                          <test-case name="TopCoder.MSMQ.MessageProcessingWorkflow.Detectors.XmlMessageTypeDetectorTests.TestConstructor1_Fail6" executed="True" success="True" time="0.016" asserts="0" />
                          <test-case name="TopCoder.MSMQ.MessageProcessingWorkflow.Detectors.XmlMessageTypeDetectorTests.TestConstructor1_Fail7" executed="True" success="True" time="0.016" asserts="0" />
                          <test-case name="TopCoder.MSMQ.MessageProcessingWorkflow.Detectors.XmlMessageTypeDetectorTests.TestConstructor1_Fail8" executed="True" success="True" time="0.000" asserts="0" />
                          <test-case name="TopCoder.MSMQ.MessageProcessingWorkflow.Detectors.XmlMessageTypeDetectorTests.TestConstructor1_Fail9" executed="True" success="True" time="0.016" asserts="0" />
                          <test-case name="TopCoder.MSMQ.MessageProcessingWorkflow.Detectors.XmlMessageTypeDetectorTests.TestConstructor1_Fail10" executed="True" success="True" time="0.016" asserts="0" />
                          <test-case name="TopCoder.MSMQ.MessageProcessingWorkflow.Detectors.XmlMessageTypeDetectorTests.TestConstructor2" executed="True" success="True" time="0.031" asserts="0" />
                          <test-case name="TopCoder.MSMQ.MessageProcessingWorkflow.Detectors.XmlMessageTypeDetectorTests.TestConstructor2_WithValidator" executed="True" success="True" time="0.016" asserts="0" />
                          <test-case name="TopCoder.MSMQ.MessageProcessingWorkflow.Detectors.XmlMessageTypeDetectorTests.TestConstructor2_Fail1" executed="True" success="True" time="0.016" asserts="0" />
                          <test-case name="TopCoder.MSMQ.MessageProcessingWorkflow.Detectors.XmlMessageTypeDetectorTests.TestConstructor2_Fail2" executed="True" success="True" time="0.016" asserts="0" />
                          <test-case name="TopCoder.MSMQ.MessageProcessingWorkflow.Detectors.XmlMessageTypeDetectorTests.TestConstructor2_Fail3" executed="True" success="True" time="0.016" asserts="0" />
                          <test-case name="TopCoder.MSMQ.MessageProcessingWorkflow.Detectors.XmlMessageTypeDetectorTests.TestConstructor2_Fail4" executed="True" success="True" time="0.016" asserts="0" />
                          <test-case name="TopCoder.MSMQ.MessageProcessingWorkflow.Detectors.XmlMessageTypeDetectorTests.TestConstructor2_Fail5" executed="True" success="True" time="0.016" asserts="0" />
                          <test-case name="TopCoder.MSMQ.MessageProcessingWorkflow.Detectors.XmlMessageTypeDetectorTests.TestConstructor2_Fail6" executed="True" success="True" time="0.016" asserts="0" />
                          <test-case name="TopCoder.MSMQ.MessageProcessingWorkflow.Detectors.XmlMessageTypeDetectorTests.TestConstructor2_Fail7" executed="True" success="True" time="0.016" asserts="0" />
                          <test-case name="TopCoder.MSMQ.MessageProcessingWorkflow.Detectors.XmlMessageTypeDetectorTests.TestConstructor2_Fail8" executed="True" success="True" time="0.031" asserts="0" />
                          <test-case name="TopCoder.MSMQ.MessageProcessingWorkflow.Detectors.XmlMessageTypeDetectorTests.TestConstructor2_Fail9" executed="True" success="True" time="0.016" asserts="0" />
                          <test-case name="TopCoder.MSMQ.MessageProcessingWorkflow.Detectors.XmlMessageTypeDetectorTests.TestConstructor2_Fail10" executed="True" success="True" time="0.016" asserts="0" />
                          <test-case name="TopCoder.MSMQ.MessageProcessingWorkflow.Detectors.XmlMessageTypeDetectorTests.TestConstructor3" executed="True" success="True" time="0.016" asserts="0" />
                          <test-case name="TopCoder.MSMQ.MessageProcessingWorkflow.Detectors.XmlMessageTypeDetectorTests.TestConstructor3_Validator" executed="True" success="True" time="0.016" asserts="0" />
                          <test-case name="TopCoder.MSMQ.MessageProcessingWorkflow.Detectors.XmlMessageTypeDetectorTests.TestConstructor3_Fail1" executed="True" success="True" time="0.016" asserts="0" />
                          <test-case name="TopCoder.MSMQ.MessageProcessingWorkflow.Detectors.XmlMessageTypeDetectorTests.TestConstructor3_Fail2" executed="True" success="True" time="0.016" asserts="0" />
                          <test-case name="TopCoder.MSMQ.MessageProcessingWorkflow.Detectors.XmlMessageTypeDetectorTests.TestConstructor3_Fail3" executed="True" success="True" time="0.016" asserts="0" />
                          <test-case name="TopCoder.MSMQ.MessageProcessingWorkflow.Detectors.XmlMessageTypeDetectorTests.TestConstructor3_Fail4" executed="True" success="True" time="0.016" asserts="0" />
                          <test-case name="TopCoder.MSMQ.MessageProcessingWorkflow.Detectors.XmlMessageTypeDetectorTests.TestConstructor3_Fail10" executed="True" success="True" time="0.016" asserts="0" />
                          <test-case name="TopCoder.MSMQ.MessageProcessingWorkflow.Detectors.XmlMessageTypeDetectorTests.TestConstructor3_Fail5" executed="True" success="True" time="0.016" asserts="0" />
                          <test-case name="TopCoder.MSMQ.MessageProcessingWorkflow.Detectors.XmlMessageTypeDetectorTests.TestConstructor3_Fail6" executed="True" success="True" time="0.016" asserts="0" />
                          <test-case name="TopCoder.MSMQ.MessageProcessingWorkflow.Detectors.XmlMessageTypeDetectorTests.TestConstructor3_Fail11" executed="True" success="True" time="0.031" asserts="0" />
                          <test-case name="TopCoder.MSMQ.MessageProcessingWorkflow.Detectors.XmlMessageTypeDetectorTests.TestConstructor3_Fail7" executed="True" success="True" time="0.016" asserts="0" />
                          <test-case name="TopCoder.MSMQ.MessageProcessingWorkflow.Detectors.XmlMessageTypeDetectorTests.TestConstructor3_Fail8" executed="True" success="True" time="0.016" asserts="0" />
                          <test-case name="TopCoder.MSMQ.MessageProcessingWorkflow.Detectors.XmlMessageTypeDetectorTests.TestConstructor3_Fail12" executed="True" success="True" time="0.016" asserts="0" />
                          <test-case name="TopCoder.MSMQ.MessageProcessingWorkflow.Detectors.XmlMessageTypeDetectorTests.TestConstructor3_Fail9" executed="True" success="True" time="0.016" asserts="0" />
                          <test-case name="TopCoder.MSMQ.MessageProcessingWorkflow.Detectors.XmlMessageTypeDetectorTests.TestGetMessageType" executed="True" success="True" time="0.016" asserts="1" />
                          <test-case name="TopCoder.MSMQ.MessageProcessingWorkflow.Detectors.XmlMessageTypeDetectorTests.TestGetMessageTypeFail1" executed="True" success="True" time="0.000" asserts="0" />
                          <test-case name="TopCoder.MSMQ.MessageProcessingWorkflow.Detectors.XmlMessageTypeDetectorTests.TestGetMessageTypeFail2" executed="True" success="True" time="0.016" asserts="0" />
                          <test-case name="TopCoder.MSMQ.MessageProcessingWorkflow.Detectors.XmlMessageTypeDetectorTests.TestGetMessageTypeFail3" executed="True" success="True" time="0.031" asserts="0" />
                          <test-case name="TopCoder.MSMQ.MessageProcessingWorkflow.Detectors.XmlMessageTypeDetectorTests.TestGetMessageTypeFail4" executed="True" success="True" time="0.016" asserts="0" />
                          <test-case name="TopCoder.MSMQ.MessageProcessingWorkflow.Detectors.XmlMessageTypeDetectorTests.TestGetMessageTypeFail5" executed="True" success="True" time="0.016" asserts="0" />
                          <test-case name="TopCoder.MSMQ.MessageProcessingWorkflow.Detectors.XmlMessageTypeDetectorTests.TestGetMessageTypeParseRecipe" executed="True" success="True" time="0.000" asserts="2" />
                          <test-case name="TopCoder.MSMQ.MessageProcessingWorkflow.Detectors.XmlMessageTypeDetectorTests.TestGetMessageTypeParseRecipeFail1" executed="True" success="True" time="0.000" asserts="0" />
                          <test-case name="TopCoder.MSMQ.MessageProcessingWorkflow.Detectors.XmlMessageTypeDetectorTests.TestGetMessageTypeParseRecipeFail2" executed="True" success="True" time="0.000" asserts="0" />
                          <test-case name="TopCoder.MSMQ.MessageProcessingWorkflow.Detectors.XmlMessageTypeDetectorTests.TestGetMessageTypeParseRecipeFail3" executed="True" success="True" time="0.063" asserts="0" />
                          <test-case name="TopCoder.MSMQ.MessageProcessingWorkflow.Detectors.XmlMessageTypeDetectorTests.TestGetValidator" executed="True" success="True" time="0.016" asserts="1" />
                          <test-case name="TopCoder.MSMQ.MessageProcessingWorkflow.Detectors.XmlMessageTypeDetectorTests.TestCanHandleMessage" executed="True" success="True" time="0.016" asserts="2" />
                          <test-case name="TopCoder.MSMQ.MessageProcessingWorkflow.Detectors.XmlMessageTypeDetectorTests.TestCanHandleMessageFail1" executed="True" success="True" time="0.016" asserts="0" />
                        </results>
                      </test-suite>
                    </results>
                  </test-suite>
                  <test-suite name="TopCoder.MSMQ.MessageProcessingWorkflow.Demo" success="True" time="0.016" asserts="0">
                    <results>
                      <test-case name="TopCoder.MSMQ.MessageProcessingWorkflow.Demo.Demonstration" executed="True" success="True" time="0.016" asserts="0" />
                    </results>
                  </test-suite>
                </results>
              </test-suite>
            </results>
          </test-suite>
        </results>
      </test-suite>
    </results>
  </test-suite>
</test-results>