<?xml version="1.0" encoding="utf-8" standalone="no"?>
<!--This file represents the results of running a test suite-->
<test-results name="D:\workingCSharp\Phoenix_Project_Authentication_Service_Locale\build\classes\Hermes.Services.Security.Authorization.Test.dll" total="126" failures="0" not-run="0" date="2007-11-17" time="02:35:42">
  <environment nunit-version="2.2.8.0" clr-version="2.0.50727.832" os-version="Microsoft Windows NT 5.1.2600 Service Pack 2" platform="Win32NT" cwd="D:\workingCSharp\Phoenix_Project_Authentication_Service_Locale" machine-name="XLC" user="Xucheng" user-domain="XLC" />
  <culture-info current-culture="zh-CN" current-uiculture="zh-CN" />
  <test-suite name="D:\workingCSharp\Phoenix_Project_Authentication_Service_Locale\build\classes\Hermes.Services.Security.Authorization.Test.dll" success="True" time="5.578" asserts="0">
    <results>
      <test-suite name="Hermes" success="True" time="5.563" asserts="0">
        <results>
          <test-suite name="Hermes.Services" success="True" time="5.563" asserts="0">
            <results>
              <test-suite name="Hermes.Services.Security" success="True" time="5.563" asserts="0">
                <results>
                  <test-suite name="Hermes.Services.Security.Authorization" success="True" time="5.563" asserts="0">
                    <results>
                      <test-suite name="Hermes.Services.Security.Authorization.TopCoder" success="True" time="0.641" asserts="0">
                        <results>
                          <test-suite name="Hermes.Services.Security.Authorization.TopCoder.HermesAuthorizationServiceTest" success="True" time="0.609" asserts="0">
                            <results>
                              <test-case name="Hermes.Services.Security.Authorization.TopCoder.HermesAuthorizationServiceTest.TestConstructor_Accuracy1" executed="True" success="True" time="0.313" asserts="47" />
                              <test-case name="Hermes.Services.Security.Authorization.TopCoder.HermesAuthorizationServiceTest.TestConstructor_Null" executed="True" success="True" time="0.031" asserts="0" />
                              <test-case name="Hermes.Services.Security.Authorization.TopCoder.HermesAuthorizationServiceTest.TestConstructor_Empty" executed="True" success="True" time="0.000" asserts="0" />
                              <test-case name="Hermes.Services.Security.Authorization.TopCoder.HermesAuthorizationServiceTest.TestConstructor_Accuracy2" executed="True" success="True" time="0.000" asserts="47" />
                              <test-case name="Hermes.Services.Security.Authorization.TopCoder.HermesAuthorizationServiceTest.TestCheckRole_Null1" executed="True" success="True" time="0.031" asserts="0" />
                              <test-case name="Hermes.Services.Security.Authorization.TopCoder.HermesAuthorizationServiceTest.TestCheckRole_Null2" executed="True" success="True" time="0.000" asserts="0" />
                              <test-case name="Hermes.Services.Security.Authorization.TopCoder.HermesAuthorizationServiceTest.TestCheckRole_Null3" executed="True" success="True" time="0.016" asserts="0" />
                              <test-case name="Hermes.Services.Security.Authorization.TopCoder.HermesAuthorizationServiceTest.TestCheckRole_Empty1" executed="True" success="True" time="0.000" asserts="0" />
                              <test-case name="Hermes.Services.Security.Authorization.TopCoder.HermesAuthorizationServiceTest.TestCheckRole_Empty2" executed="True" success="True" time="0.000" asserts="0" />
                              <test-case name="Hermes.Services.Security.Authorization.TopCoder.HermesAuthorizationServiceTest.TestCheckRole_InvalidSessionToken" executed="True" success="True" time="0.016" asserts="0" />
                              <test-case name="Hermes.Services.Security.Authorization.TopCoder.HermesAuthorizationServiceTest.TestCheckRole_NotExist" executed="True" success="True" time="0.000" asserts="0" />
                              <test-case name="Hermes.Services.Security.Authorization.TopCoder.HermesAuthorizationServiceTest.TestCheckRole_Accuracy1" executed="True" success="True" time="0.000" asserts="1" />
                              <test-case name="Hermes.Services.Security.Authorization.TopCoder.HermesAuthorizationServiceTest.TestCheckRole_Accuracy2" executed="True" success="True" time="0.000" asserts="1" />
                              <test-case name="Hermes.Services.Security.Authorization.TopCoder.HermesAuthorizationServiceTest.TestCheckFunction_Null1" executed="True" success="True" time="0.000" asserts="0" />
                              <test-case name="Hermes.Services.Security.Authorization.TopCoder.HermesAuthorizationServiceTest.TestCheckFunction_Null2" executed="True" success="True" time="0.000" asserts="0" />
                              <test-case name="Hermes.Services.Security.Authorization.TopCoder.HermesAuthorizationServiceTest.TestCheckFunction_Null3" executed="True" success="True" time="0.000" asserts="0" />
                              <test-case name="Hermes.Services.Security.Authorization.TopCoder.HermesAuthorizationServiceTest.TestCheckFunction_Empty1" executed="True" success="True" time="0.016" asserts="0" />
                              <test-case name="Hermes.Services.Security.Authorization.TopCoder.HermesAuthorizationServiceTest.TestCheckFunction_Empty2" executed="True" success="True" time="0.000" asserts="0" />
                              <test-case name="Hermes.Services.Security.Authorization.TopCoder.HermesAuthorizationServiceTest.TestCheckFunction_InvalidSessionToken" executed="True" success="True" time="0.000" asserts="0" />
                              <test-case name="Hermes.Services.Security.Authorization.TopCoder.HermesAuthorizationServiceTest.TestCheckFunction_NotExist" executed="True" success="True" time="0.016" asserts="0" />
                              <test-case name="Hermes.Services.Security.Authorization.TopCoder.HermesAuthorizationServiceTest.TestCheckFunction_Accuracy1" executed="True" success="True" time="0.000" asserts="1" />
                              <test-case name="Hermes.Services.Security.Authorization.TopCoder.HermesAuthorizationServiceTest.TestCheckFunction_Accuracy2" executed="True" success="True" time="0.000" asserts="1" />
                              <test-case name="Hermes.Services.Security.Authorization.TopCoder.HermesAuthorizationServiceTest.TestCheckEntity_Null1" executed="True" success="True" time="0.000" asserts="0" />
                              <test-case name="Hermes.Services.Security.Authorization.TopCoder.HermesAuthorizationServiceTest.TestCheckEntity_Null2" executed="True" success="True" time="0.016" asserts="0" />
                              <test-case name="Hermes.Services.Security.Authorization.TopCoder.HermesAuthorizationServiceTest.TestCheckEntity_Null3" executed="True" success="True" time="0.016" asserts="0" />
                              <test-case name="Hermes.Services.Security.Authorization.TopCoder.HermesAuthorizationServiceTest.TestCheckEntity_Empty1" executed="True" success="True" time="0.000" asserts="0" />
                              <test-case name="Hermes.Services.Security.Authorization.TopCoder.HermesAuthorizationServiceTest.TestCheckEntity_Empty2" executed="True" success="True" time="0.000" asserts="0" />
                              <test-case name="Hermes.Services.Security.Authorization.TopCoder.HermesAuthorizationServiceTest.TestCheckEntity_InvalidSessionToken" executed="True" success="True" time="0.016" asserts="0" />
                              <test-case name="Hermes.Services.Security.Authorization.TopCoder.HermesAuthorizationServiceTest.TestCheckEntity_NotExist" executed="True" success="True" time="0.000" asserts="0" />
                              <test-case name="Hermes.Services.Security.Authorization.TopCoder.HermesAuthorizationServiceTest.TestCheckEntity_Accuracy1" executed="True" success="True" time="0.000" asserts="1" />
                              <test-case name="Hermes.Services.Security.Authorization.TopCoder.HermesAuthorizationServiceTest.TestCheckEntity_Accuracy2" executed="True" success="True" time="0.000" asserts="1" />
                              <test-case name="Hermes.Services.Security.Authorization.TopCoder.HermesAuthorizationServiceTest.TestGetEntityRights_Null1" executed="True" success="True" time="0.016" asserts="0" />
                              <test-case name="Hermes.Services.Security.Authorization.TopCoder.HermesAuthorizationServiceTest.TestGetEntityRights_Null2" executed="True" success="True" time="0.000" asserts="0" />
                              <test-case name="Hermes.Services.Security.Authorization.TopCoder.HermesAuthorizationServiceTest.TestGetEntityRights_Null3" executed="True" success="True" time="0.000" asserts="0" />
                              <test-case name="Hermes.Services.Security.Authorization.TopCoder.HermesAuthorizationServiceTest.TestGetEntityRights_Empty1" executed="True" success="True" time="0.016" asserts="0" />
                              <test-case name="Hermes.Services.Security.Authorization.TopCoder.HermesAuthorizationServiceTest.TestGetEntityRights_Empty2" executed="True" success="True" time="0.000" asserts="0" />
                              <test-case name="Hermes.Services.Security.Authorization.TopCoder.HermesAuthorizationServiceTest.TestGetEntityRights_InvalidSessionToken" executed="True" success="True" time="0.000" asserts="0" />
                              <test-case name="Hermes.Services.Security.Authorization.TopCoder.HermesAuthorizationServiceTest.TestGetEntityRights_NotExist" executed="True" success="True" time="0.000" asserts="0" />
                              <test-case name="Hermes.Services.Security.Authorization.TopCoder.HermesAuthorizationServiceTest.TestGetEntityRights_Accuracy1" executed="True" success="True" time="0.016" asserts="1" />
                              <test-case name="Hermes.Services.Security.Authorization.TopCoder.HermesAuthorizationServiceTest.TestGetEntityRights_Accuracy2" executed="True" success="True" time="0.000" asserts="1" />
                              <test-case name="Hermes.Services.Security.Authorization.TopCoder.HermesAuthorizationServiceTest.TestGetFunctionAttributes_Null1" executed="True" success="True" time="0.000" asserts="0" />
                              <test-case name="Hermes.Services.Security.Authorization.TopCoder.HermesAuthorizationServiceTest.TestGetFunctionAttributes_Null2" executed="True" success="True" time="0.000" asserts="0" />
                              <test-case name="Hermes.Services.Security.Authorization.TopCoder.HermesAuthorizationServiceTest.TestGetFunctionAttributes_Null3" executed="True" success="True" time="0.000" asserts="0" />
                              <test-case name="Hermes.Services.Security.Authorization.TopCoder.HermesAuthorizationServiceTest.TestGetFunctionAttributes_Empty1" executed="True" success="True" time="0.000" asserts="0" />
                              <test-case name="Hermes.Services.Security.Authorization.TopCoder.HermesAuthorizationServiceTest.TestGetFunctionAttributes_Empty2" executed="True" success="True" time="0.000" asserts="0" />
                              <test-case name="Hermes.Services.Security.Authorization.TopCoder.HermesAuthorizationServiceTest.TestGetFunctionAttributes_InvalidSessionToken" executed="True" success="True" time="0.016" asserts="0" />
                              <test-case name="Hermes.Services.Security.Authorization.TopCoder.HermesAuthorizationServiceTest.TestGetFunctionAttributes_NotExist" executed="True" success="True" time="0.000" asserts="0" />
                              <test-case name="Hermes.Services.Security.Authorization.TopCoder.HermesAuthorizationServiceTest.TestGetFunctionAttributes_Accuracy1" executed="True" success="True" time="0.000" asserts="3" />
                              <test-case name="Hermes.Services.Security.Authorization.TopCoder.HermesAuthorizationServiceTest.TestGetFunctionAttributes_Accuracy2" executed="True" success="True" time="0.000" asserts="3" />
                              <test-case name="Hermes.Services.Security.Authorization.TopCoder.HermesAuthorizationServiceTest.TestSetApplication_Null1" executed="True" success="True" time="0.000" asserts="0" />
                              <test-case name="Hermes.Services.Security.Authorization.TopCoder.HermesAuthorizationServiceTest.TestSetApplication_Empty1" executed="True" success="True" time="0.000" asserts="0" />
                              <test-case name="Hermes.Services.Security.Authorization.TopCoder.HermesAuthorizationServiceTest.TestSetApplication" executed="True" success="True" time="0.000" asserts="1" />
                              <test-case name="Hermes.Services.Security.Authorization.TopCoder.HermesAuthorizationServiceTest.TestDispose" executed="True" success="True" time="0.016" asserts="1" />
                              <test-case name="Hermes.Services.Security.Authorization.TopCoder.HermesAuthorizationServiceTest.TestDispose2" executed="True" success="True" time="0.000" asserts="0" />
                            </results>
                          </test-suite>
                        </results>
                      </test-suite>
                      <test-suite name="Hermes.Services.Security.Authorization.Client" success="True" time="4.766" asserts="0">
                        <results>
                          <test-suite name="Hermes.Services.Security.Authorization.Client.HermesAuthorizationServiceClientTest" success="True" time="2.063" asserts="0">
                            <results>
                              <test-case name="Hermes.Services.Security.Authorization.Client.HermesAuthorizationServiceClientTest.TestGetClient_Accuracy" executed="True" success="True" time="1.891" asserts="3" />
                              <test-case name="Hermes.Services.Security.Authorization.Client.HermesAuthorizationServiceClientTest.TestGetClient_Without_ObjectFactory" executed="True" success="True" time="0.016" asserts="3" />
                              <test-case name="Hermes.Services.Security.Authorization.Client.HermesAuthorizationServiceClientTest.TestGetClientString_Accuracy" executed="True" success="True" time="0.016" asserts="3" />
                              <test-case name="Hermes.Services.Security.Authorization.Client.HermesAuthorizationServiceClientTest.TestGetClientString_Null_Namespace" executed="True" success="True" time="0.016" asserts="0" />
                              <test-case name="Hermes.Services.Security.Authorization.Client.HermesAuthorizationServiceClientTest.TestGetClientString_Empty_Namespace" executed="True" success="True" time="0.016" asserts="0" />
                              <test-case name="Hermes.Services.Security.Authorization.Client.HermesAuthorizationServiceClientTest.TestGetClientString_WithoutBinding" executed="True" success="True" time="0.016" asserts="0" />
                              <test-case name="Hermes.Services.Security.Authorization.Client.HermesAuthorizationServiceClientTest.TestGetClientString_WrongBinding" executed="True" success="True" time="0.031" asserts="0" />
                              <test-case name="Hermes.Services.Security.Authorization.Client.HermesAuthorizationServiceClientTest.TestGetClientString_WithoutAddress" executed="True" success="True" time="0.016" asserts="0" />
                              <test-case name="Hermes.Services.Security.Authorization.Client.HermesAuthorizationServiceClientTest.TestGetClientString_WrongAddress" executed="True" success="True" time="0.031" asserts="0" />
                            </results>
                          </test-suite>
                          <test-suite name="Hermes.Services.Security.Authorization.Client.HermesAuthorizationServiceClientImpl2Test" success="True" time="2.078" asserts="0">
                            <results>
                              <test-case name="Hermes.Services.Security.Authorization.Client.HermesAuthorizationServiceClientImpl2Test.TestCheckRole_Accuracy" executed="True" success="True" time="0.938" asserts="2" />
                              <test-case name="Hermes.Services.Security.Authorization.Client.HermesAuthorizationServiceClientImpl2Test.TestCheckRole_Null_SessionId" executed="True" success="True" time="0.375" asserts="0" />
                              <test-case name="Hermes.Services.Security.Authorization.Client.HermesAuthorizationServiceClientImpl2Test.TestCheckRole_Empty_SessionId" executed="True" success="True" time="0.031" asserts="0" />
                              <test-case name="Hermes.Services.Security.Authorization.Client.HermesAuthorizationServiceClientImpl2Test.TestCheckRole_Null_SessionToken" executed="True" success="True" time="0.031" asserts="0" />
                              <test-case name="Hermes.Services.Security.Authorization.Client.HermesAuthorizationServiceClientImpl2Test.TestCheckRole_Null_RoleName" executed="True" success="True" time="0.031" asserts="0" />
                              <test-case name="Hermes.Services.Security.Authorization.Client.HermesAuthorizationServiceClientImpl2Test.TestCheckRole_Empty_RoleName" executed="True" success="True" time="0.031" asserts="0" />
                              <test-case name="Hermes.Services.Security.Authorization.Client.HermesAuthorizationServiceClientImpl2Test.TestCheckRole_LoginFailed" executed="True" success="True" time="0.047" asserts="0" />
                              <test-case name="Hermes.Services.Security.Authorization.Client.HermesAuthorizationServiceClientImpl2Test.TestCheckRole_LoginException" executed="True" success="True" time="0.031" asserts="0" />
                              <test-case name="Hermes.Services.Security.Authorization.Client.HermesAuthorizationServiceClientImpl2Test.TestCheckRole_Auth_Exception" executed="True" success="True" time="0.031" asserts="0" />
                              <test-case name="Hermes.Services.Security.Authorization.Client.HermesAuthorizationServiceClientImpl2Test.TestGetEntityRights_Accuracy" executed="True" success="True" time="0.063" asserts="1" />
                              <test-case name="Hermes.Services.Security.Authorization.Client.HermesAuthorizationServiceClientImpl2Test.TestGetEntityRights_Null_SessionId" executed="True" success="True" time="0.031" asserts="0" />
                              <test-case name="Hermes.Services.Security.Authorization.Client.HermesAuthorizationServiceClientImpl2Test.TestGetEntityRights_Empty_SessionId" executed="True" success="True" time="0.047" asserts="0" />
                              <test-case name="Hermes.Services.Security.Authorization.Client.HermesAuthorizationServiceClientImpl2Test.TestGetEntityRights_Null_SessionToken" executed="True" success="True" time="0.031" asserts="0" />
                              <test-case name="Hermes.Services.Security.Authorization.Client.HermesAuthorizationServiceClientImpl2Test.TestGetEntityRights_Null_RoleName" executed="True" success="True" time="0.047" asserts="0" />
                              <test-case name="Hermes.Services.Security.Authorization.Client.HermesAuthorizationServiceClientImpl2Test.TestGetEntityRights_Empty_RoleName" executed="True" success="True" time="0.094" asserts="0" />
                              <test-case name="Hermes.Services.Security.Authorization.Client.HermesAuthorizationServiceClientImpl2Test.TestGetEntityRights_LoginFailed" executed="True" success="True" time="0.078" asserts="0" />
                              <test-case name="Hermes.Services.Security.Authorization.Client.HermesAuthorizationServiceClientImpl2Test.TestGetEntityRights_LoginException" executed="True" success="True" time="0.031" asserts="0" />
                              <test-case name="Hermes.Services.Security.Authorization.Client.HermesAuthorizationServiceClientImpl2Test.TestGetEntityRights_Auth_Exception" executed="True" success="True" time="0.078" asserts="0" />
                            </results>
                          </test-suite>
                          <test-suite name="Hermes.Services.Security.Authorization.Client.HermesAuthorizationServiceClientImplTest" success="True" time="0.609" asserts="0">
                            <results>
                              <test-case name="Hermes.Services.Security.Authorization.Client.HermesAuthorizationServiceClientImplTest.TestCheckEntity_Accuracy" executed="True" success="True" time="0.047" asserts="2" />
                              <test-case name="Hermes.Services.Security.Authorization.Client.HermesAuthorizationServiceClientImplTest.TestCheckEntity_Null_SessionId" executed="True" success="True" time="0.016" asserts="0" />
                              <test-case name="Hermes.Services.Security.Authorization.Client.HermesAuthorizationServiceClientImplTest.TestCheckEntity_Empty_SessionId" executed="True" success="True" time="0.047" asserts="0" />
                              <test-case name="Hermes.Services.Security.Authorization.Client.HermesAuthorizationServiceClientImplTest.TestCheckEntity_Null_SessionToken" executed="True" success="True" time="0.031" asserts="0" />
                              <test-case name="Hermes.Services.Security.Authorization.Client.HermesAuthorizationServiceClientImplTest.TestCheckEntity_Null_EntityName" executed="True" success="True" time="0.016" asserts="0" />
                              <test-case name="Hermes.Services.Security.Authorization.Client.HermesAuthorizationServiceClientImplTest.TestCheckEntity_Empty_EntityName" executed="True" success="True" time="0.031" asserts="0" />
                              <test-case name="Hermes.Services.Security.Authorization.Client.HermesAuthorizationServiceClientImplTest.TestCheckEntity_LoginFailed" executed="True" success="True" time="0.031" asserts="0" />
                              <test-case name="Hermes.Services.Security.Authorization.Client.HermesAuthorizationServiceClientImplTest.TestCheckEntity_LoginException" executed="True" success="True" time="0.031" asserts="0" />
                              <test-case name="Hermes.Services.Security.Authorization.Client.HermesAuthorizationServiceClientImplTest.TestCheckEntity_None_Entity" executed="True" success="True" time="0.031" asserts="0" />
                              <test-case name="Hermes.Services.Security.Authorization.Client.HermesAuthorizationServiceClientImplTest.TestCheckEntity_Invalid_Rights1" executed="True" success="True" time="0.031" asserts="0" />
                              <test-case name="Hermes.Services.Security.Authorization.Client.HermesAuthorizationServiceClientImplTest.TestCheckEntity_Auth_Exception" executed="True" success="True" time="0.031" asserts="0" />
                              <test-case name="Hermes.Services.Security.Authorization.Client.HermesAuthorizationServiceClientImplTest.TestCheckFunction_Accuracy" executed="True" success="True" time="0.031" asserts="2" />
                              <test-case name="Hermes.Services.Security.Authorization.Client.HermesAuthorizationServiceClientImplTest.TestCheckFunction_Null_SessionId" executed="True" success="True" time="0.031" asserts="0" />
                              <test-case name="Hermes.Services.Security.Authorization.Client.HermesAuthorizationServiceClientImplTest.TestCheckFunction_Empty_SessionId" executed="True" success="True" time="0.031" asserts="0" />
                              <test-case name="Hermes.Services.Security.Authorization.Client.HermesAuthorizationServiceClientImplTest.TestCheckFunction_Null_SessionToken" executed="True" success="True" time="0.016" asserts="0" />
                              <test-case name="Hermes.Services.Security.Authorization.Client.HermesAuthorizationServiceClientImplTest.TestCheckFunction_Null_FunctionName" executed="True" success="True" time="0.016" asserts="0" />
                              <test-case name="Hermes.Services.Security.Authorization.Client.HermesAuthorizationServiceClientImplTest.TestCheckFunction_Empty_FunctionName" executed="True" success="True" time="0.047" asserts="0" />
                              <test-case name="Hermes.Services.Security.Authorization.Client.HermesAuthorizationServiceClientImplTest.TestCheckFunction_LoginFailed" executed="True" success="True" time="0.016" asserts="0" />
                              <test-case name="Hermes.Services.Security.Authorization.Client.HermesAuthorizationServiceClientImplTest.TestCheckFunction_LoginException" executed="True" success="True" time="0.016" asserts="0" />
                              <test-case name="Hermes.Services.Security.Authorization.Client.HermesAuthorizationServiceClientImplTest.TestCheckFunction_Auth_Exception" executed="True" success="True" time="0.031" asserts="0" />
                            </results>
                          </test-suite>
                        </results>
                      </test-suite>
                      <test-suite name="Hermes.Services.Security.Authorization.Demo" success="True" time="0.031" asserts="0">
                        <results>
                          <test-case name="Hermes.Services.Security.Authorization.Demo.testDemo" executed="True" success="True" time="0.031" asserts="9" />
                        </results>
                      </test-suite>
                      <test-suite name="Hermes.Services.Security.Authorization.InvalidSessionExceptionTest" success="True" time="0.016" asserts="0">
                        <results>
                          <test-case name="Hermes.Services.Security.Authorization.InvalidSessionExceptionTest.TestCtor" executed="True" success="True" time="0.000" asserts="2" />
                          <test-case name="Hermes.Services.Security.Authorization.InvalidSessionExceptionTest.TestCtorMessage_Null" executed="True" success="True" time="0.016" asserts="2" />
                          <test-case name="Hermes.Services.Security.Authorization.InvalidSessionExceptionTest.TestCtorMessage_Valid" executed="True" success="True" time="0.000" asserts="3" />
                          <test-case name="Hermes.Services.Security.Authorization.InvalidSessionExceptionTest.TestCtorMessageInner_Null3" executed="True" success="True" time="0.000" asserts="2" />
                          <test-case name="Hermes.Services.Security.Authorization.InvalidSessionExceptionTest.TestCtorMessageInner_Null1" executed="True" success="True" time="0.000" asserts="3" />
                          <test-case name="Hermes.Services.Security.Authorization.InvalidSessionExceptionTest.TestCtorMessageInner_Null2" executed="True" success="True" time="0.000" asserts="2" />
                          <test-case name="Hermes.Services.Security.Authorization.InvalidSessionExceptionTest.TestCtorMessageInner_Valid" executed="True" success="True" time="0.000" asserts="3" />
                          <test-case name="Hermes.Services.Security.Authorization.InvalidSessionExceptionTest.TestCtorInfoContext" executed="True" success="True" time="0.000" asserts="3" />
                        </results>
                      </test-suite>
                      <test-suite name="Hermes.Services.Security.Authorization.RightsTest" success="True" time="0.000" asserts="0">
                        <results>
                          <test-case name="Hermes.Services.Security.Authorization.RightsTest.TestRead" executed="True" success="True" time="0.000" asserts="1" />
                          <test-case name="Hermes.Services.Security.Authorization.RightsTest.TestInsert" executed="True" success="True" time="0.000" asserts="1" />
                          <test-case name="Hermes.Services.Security.Authorization.RightsTest.TestUpdate" executed="True" success="True" time="0.000" asserts="1" />
                          <test-case name="Hermes.Services.Security.Authorization.RightsTest.TestDelete" executed="True" success="True" time="0.000" asserts="1" />
                          <test-case name="Hermes.Services.Security.Authorization.RightsTest.TestExecute" executed="True" success="True" time="0.000" asserts="1" />
                        </results>
                      </test-suite>
                      <test-suite name="Hermes.Services.Security.Authorization.AuthorizationServiceExceptionTest" success="True" time="0.016" asserts="0">
                        <results>
                          <test-case name="Hermes.Services.Security.Authorization.AuthorizationServiceExceptionTest.TestCtor" executed="True" success="True" time="0.000" asserts="2" />
                          <test-case name="Hermes.Services.Security.Authorization.AuthorizationServiceExceptionTest.TestCtorMessage_Null" executed="True" success="True" time="0.000" asserts="2" />
                          <test-case name="Hermes.Services.Security.Authorization.AuthorizationServiceExceptionTest.TestCtorMessage_Valid" executed="True" success="True" time="0.000" asserts="3" />
                          <test-case name="Hermes.Services.Security.Authorization.AuthorizationServiceExceptionTest.TestCtorMessageInner_Null3" executed="True" success="True" time="0.000" asserts="2" />
                          <test-case name="Hermes.Services.Security.Authorization.AuthorizationServiceExceptionTest.TestCtorMessageInner_Null1" executed="True" success="True" time="0.016" asserts="3" />
                          <test-case name="Hermes.Services.Security.Authorization.AuthorizationServiceExceptionTest.TestCtorMessageInner_Null2" executed="True" success="True" time="0.000" asserts="2" />
                          <test-case name="Hermes.Services.Security.Authorization.AuthorizationServiceExceptionTest.TestCtorMessageInner_Valid" executed="True" success="True" time="0.000" asserts="3" />
                          <test-case name="Hermes.Services.Security.Authorization.AuthorizationServiceExceptionTest.TestCtorInfoContext" executed="True" success="True" time="0.000" asserts="3" />
                        </results>
                      </test-suite>
                      <test-suite name="Hermes.Services.Security.Authorization.Demo2" success="True" time="0.031" asserts="0">
                        <results>
                          <test-case name="Hermes.Services.Security.Authorization.Demo2.testDemo" executed="True" success="True" time="0.031" asserts="9" />
                        </results>
                      </test-suite>
                      <test-suite name="Hermes.Services.Security.Authorization.MyTest" success="True" time="0.047" asserts="0">
                        <results>
                          <test-case name="Hermes.Services.Security.Authorization.MyTest.Test1" executed="True" success="True" time="0.016" asserts="1" />
                          <test-case name="Hermes.Services.Security.Authorization.MyTest.Test2" executed="True" success="True" time="0.031" asserts="2" />
                        </results>
                      </test-suite>
                    </results>
                  </test-suite>
                </results>
              </test-suite>
            </results>
          </test-suite>
        </results>
      </test-suite>
    </results>
  </test-suite>
</test-results>